TN:
SF:fluffy/dog/src/Serializer.ts
FN:4,Serializer
FN:8,registerType
FN:12,serialize
FN:16,deserialize
FN:24,Serializable
FNF:5
FNH:5
FNDA:7,Serializer
FNDA:2,registerType
FNDA:2,serialize
FNDA:3,deserialize
FNDA:1,Serializable
DA:1,1
DA:2,1
DA:3,1
DA:4,1
DA:5,7
DA:6,7
DA:7,1
DA:8,1
DA:9,2
DA:10,2
DA:11,1
DA:12,1
DA:13,2
DA:14,2
DA:15,1
DA:16,1
DA:17,3
DA:18,3
DA:19,2
DA:20,2
DA:21,2
DA:22,1
DA:23,1
DA:24,1
DA:25,1
DA:26,1
LF:26
LH:26
BRDA:4,0,0,7
BRDA:5,1,0,1
BRDA:8,2,0,2
BRDA:12,3,0,2
BRDA:16,4,0,3
BRDA:18,5,0,1
BRDA:19,6,0,2
BRDA:24,7,0,1
BRF:8
BRH:8
end_of_record
